<?xml version="1.0" encoding="UTF-8"?>
<!-- Generated by org.testng.reporters.JUnitXMLReporter -->
<testsuite hostname="PUN-WKS-AC422" ignored="2" name="Default test" tests="1" failures="0" timestamp="21 Oct 2018 16:26:42 GMT" time="61.317" errors="0">
  <testcase name="opeRecentlySentMailTest" time="34.922" classname="com.testcase.HomePageTest"/>
  <testcase name="composeMailTest" time="0.0" classname="com.testcase.HomePageTest">
    <ignored/>
  </testcase> <!-- composeMailTest -->
  <testcase name="markAsStartTest" time="0.0" classname="com.testcase.HomePageTest">
    <ignored/>
  </testcase> <!-- markAsStartTest -->
</testsuite> <!-- Default test -->
