<?xml version="1.0" encoding="UTF-8"?>
<!-- Generated by org.testng.reporters.JUnitXMLReporter -->
<testsuite hostname="PUN-WKS-AC422" ignored="0" name="Gmail Test" tests="4" failures="0" timestamp="21 Oct 2018 16:31:26 GMT" time="177.896" errors="0">
  <testcase name="loginPageTest" time="14.679" classname="com.testcase.LoginPageTest"/>
  <testcase name="composeMailTest" time="36.496" classname="com.testcase.HomePageTest"/>
  <testcase name="markAsStartTest" time="22.666" classname="com.testcase.HomePageTest"/>
  <testcase name="opeRecentlySentMailTest" time="32.755" classname="com.testcase.HomePageTest"/>
</testsuite> <!-- Gmail Test -->
